[32m2026-05-18 00:54:48[0m | [1mINFO    [0m | [36mmain                [0m | T4A Radar starting
[32m2026-05-18 00:54:49[0m | [33m[1mWARNING [0m | [36msource_aggregator   [0m | TWITTER_BEARER_TOKEN not set — skipping Twitter source
[32m2026-05-18 00:54:49[0m | [1mINFO    [0m | [36msource_aggregator   [0m | Initialized 5 source connectors: ['news_rss', 'reddit', 'gdelt', 'parliament', 'court']
[32m2026-05-18 00:54:50[0m | [1mINFO    [0m | [36msilence_detector    [0m | Tracking: INST-0001 [bill_reading] "Parliament second session session opens" importance=0.46
[32m2026-05-18 00:54:50[0m | [1mINFO    [0m | [36msilence_detector    [0m | Tracking: INST-0002 [bill_reading] "Parliament budget session session opens" importance=0.51
[32m2026-05-18 00:54:50[0m | [1mINFO    [0m | [36msilence_detector    [0m | Tracking: INST-0003 [budget_allocation] "Budget 2027 presentation" importance=0.54
[32m2026-05-18 00:54:50[0m | [1mINFO    [0m | [36msilence_detector    [0m | Tracking: INST-0004 [national_policy] "May 13 Anniversary" importance=0.40
[32m2026-05-18 00:54:50[0m | [1mINFO    [0m | [36mstreams             [0m | Initialized 6/6 streams: ['volume_monitor', 'cascade_tracker', 'polarization', 'narrative_fragmentation', 'network_bridge', 'silence_detector']
[32m2026-05-18 00:54:50[0m | [1mINFO    [0m | [36mstate               [0m | Loaded state from /home/runner/work/thefourthangle/thefourthangle/radar/output/state.json
[32m2026-05-18 00:54:50[0m | [1mINFO    [0m | [36mfusion              [0m | Loaded 3689 topics from state
[32m2026-05-18 00:54:50[0m | [1mINFO    [0m | [36mmain                [0m | Running single cycle (--once)
[32m2026-05-18 00:54:50[0m | [1mINFO    [0m | [36mcycle               [0m | Cycle started at 2026-05-18T00:54:50.324511+00:00
[32m2026-05-18 00:54:51[0m | [33m[1mWARNING [0m | [36msource.news_rss     [0m | Feed The Star returned no entries (bozo=1)
[32m2026-05-18 00:54:53[0m | [33m[1mWARNING [0m | [36msource.news_rss     [0m | Feed NHK World returned no entries (bozo=1)
[32m2026-05-18 00:54:54[0m | [33m[1mWARNING [0m | [36msource.news_rss     [0m | Feed Caixin Global returned no entries (bozo=1)
[32m2026-05-18 00:54:55[0m | [33m[1mWARNING [0m | [36msource.news_rss     [0m | Feed Jakarta Post returned no entries (bozo=1)
[32m2026-05-18 00:54:58[0m | [33m[1mWARNING [0m | [36msource.news_rss     [0m | Feed Arab News returned no entries (bozo=1)
[32m2026-05-18 00:54:58[0m | [1mINFO    [0m | [36msource.news_rss     [0m | Fetched 439 events
[32m2026-05-18 00:55:01[0m | [1mINFO    [0m | [36msource.reddit       [0m | Fetched 125 events
[32m2026-05-18 00:55:37[0m | [33m[1mWARNING [0m | [36msource.gdelt        [0m | GDELT malaysia_interest request failed: HTTPSConnectionPool(host='api.gdeltproject.org', port=443): Read timed out. (read timeout=15)
[32m2026-05-18 00:55:51[0m | [33m[1mWARNING [0m | [36msource.gdelt        [0m | GDELT malaysia_interest non-JSON: Your query was too short or too long.
[32m2026-05-18 00:56:22[0m | [33m[1mWARNING [0m | [36msource.gdelt        [0m | GDELT malaysia_interest non-JSON: Your query was too short or too long.
[32m2026-05-18 00:56:38[0m | [33m[1mWARNING [0m | [36msource.gdelt        [0m | GDELT malaysia_interest non-JSON: Your query was too short or too long.
[32m2026-05-18 00:57:07[0m | [33m[1mWARNING [0m | [36msource.gdelt        [0m | GDELT malaysia_interest non-JSON: Your query was too short or too long.
[32m2026-05-18 00:57:12[0m | [33m[1mWARNING [0m | [36msource.gdelt        [0m | GDELT rate limited (malaysia_interest) — skipping this batch
[32m2026-05-18 00:57:20[0m | [33m[1mWARNING [0m | [36msource.gdelt        [0m | GDELT malaysia_interest non-JSON: Your query was too short or too long.
[32m2026-05-18 00:57:36[0m | [33m[1mWARNING [0m | [36msource.gdelt        [0m | GDELT malaysia_interest request failed: HTTPSConnectionPool(host='api.gdeltproject.org', port=443): Read timed out. (read timeout=15)
[32m2026-05-18 00:57:36[0m | [1mINFO    [0m | [36msource.gdelt        [0m | Fetched 8 events
[32m2026-05-18 00:57:38[0m | [1mINFO    [0m | [36msource.parliament   [0m | Fetched 12 events
[32m2026-05-18 00:57:40[0m | [1mINFO    [0m | [36msource.court        [0m | Fetched 4 events
[32m2026-05-18 00:57:40[0m | [1mINFO    [0m | [36msource_aggregator   [0m | Aggregated 588 events from 5 sources
[32m2026-05-18 00:57:40[0m | [1mINFO    [0m | [36mcycle               [0m | Fetched 588 events
[32m2026-05-18 00:57:40[0m | [1mINFO    [0m | [36mforeign_events      [0m | Foreign events buffer: 208 within 24h (133 pruned)
[32m2026-05-18 00:57:40[0m | [1mINFO    [0m | [36msilence_detector    [0m | Tracking: INST-0005 [bill_reading] "Palestinian president’s son elected to top Fatah leadership body. Yasser Abbas, a Canada-based businessman, joins the central committee as the party confronts existential strain after the Gaza war." importance=0.41
[32m2026-05-18 00:57:40[0m | [1mINFO    [0m | [36msilence_detector    [0m | Tracking: INST-0006 [bill_reading] "Reset tawar bina semula negara, sasar menang PRU16, kata Saifuddin. Ahli Parlimen Indera Mahkota berkata gagasan itu mahu menyatukan pemikiran rakyat melalui Konsensus Nasional Baharu demi negara lebi" importance=0.46
[32m2026-05-18 00:57:40[0m | [1mINFO    [0m | [36msilence_detector    [0m | Tracking: INST-0007 [high_court_ruling] "Utilise public law injunctions to prevent scam advertising. The online safety plans of social media platforms tend to prioritise automated filtering, allowing scammers to bypass detection using AI-gen" importance=0.31
[32m2026-05-18 00:57:40[0m | [1mINFO    [0m | [36msilence_detector    [0m | Tracking: INST-0008 [bill_reading] "Griezmann apologetic on emotional Atletico Madrid farewell. Antoine Griezmann bade farewell to Atletico Madrid fans and apologised again for his decision to leave for Barcelona in 2019." importance=0.46
[32m2026-05-18 00:57:40[0m | [1mINFO    [0m | [36msilence_detector    [0m | Tracking: INST-0009 [bill_reading] "Caj pusat data mungkin naik susulan lonjakan harga diesel, kata ahli akademik. Chen ZhiYuan dari University of Nottingham Malaysia berkata kenaikan harga bahan api itu juga mungkin menyebabkan pengend" importance=0.51
[32m2026-05-18 00:57:40[0m | [1mINFO    [0m | [36msilence_detector    [0m | Tracking: INST-0010 [bill_reading] "N. Korea’s Kim urges stronger front-line defences against ‘arch enemy’. Kim Jong Un calls on top military officials to turn the southern border into an 'impregnable fortress' in efforts to deter war." importance=0.41
[32m2026-05-18 00:57:40[0m | [1mINFO    [0m | [36msilence_detector    [0m | Tracking: INST-0011 [high_court_ruling] "Anwar says he wants good faith talks with Zahid after Johor BN election stance. JOHOR BAHRU, May 17 &mdash; Pakatan Harapan (PH) chairman Datuk Seri Anwar Ibrahim intends to meet his counterpart in Ba" importance=0.36
[32m2026-05-18 00:57:40[0m | [1mINFO    [0m | [36msilence_detector    [0m | Tracking: INST-0012 [amendment_act] "Gagasan Rakyat amends constitution, aligns divisions with 26 parliamentary seats, says Hajiji. KOTA KINABALU, May 17 &mdash; Parti Gagasan Rakyat Sabah (Gagasan Rakyat) is fully prepared to face the 1" importance=0.42
[32m2026-05-18 00:57:40[0m | [1mINFO    [0m | [36msilence_detector    [0m | Tracking: INST-0013 [bill_reading] "Speaker tunggu surat Rafizi, Nik Nazmi sebelum putus status kerusi. Speaker Dewan Rakyat Johari Abdul berkata, keputusan mengenai keperluan adakan PRK Pandan, Setiawangsa hanya akan dibuat selepas ter" importance=0.41
[32m2026-05-18 00:57:40[0m | [1mINFO    [0m | [36msilence_detector    [0m | Tracking: INST-0014 [high_court_ruling] "Speaker tunggu surat Rafizi, Nik Nazmi sebelum putus status kerusi. Speaker Dewan Rakyat Johari Abdul berkata, keputusan mengenai keperluan adakan PRK Pandan, Setiawangsa hanya akan dibuat selepas ter" importance=0.31
[32m2026-05-18 00:57:40[0m | [1mINFO    [0m | [36msilence_detector    [0m | Tracking: INST-0015 [bill_reading] "Police probe roadside brawl on road to Rawang toll plaza. A video clip was posted on Instagram at about 6pm yesterday, which led the Gombak district police headquarters to lodge a report today for fur" importance=0.41
[32m2026-05-18 00:57:40[0m | [1mINFO    [0m | [36msilence_detector    [0m | Tracking: INST-0016 [bill_reading] "Jawatankuasa khas PN akan rangka terma pakatan pilihan raya. Setiausaha agung PN berkata, gabungan pembangkang itu juga putuskan tarik balik tawaran terima MIC sebagai ahli." importance=0.46
[32m2026-05-18 00:57:40[0m | [1mINFO    [0m | [36msilence_detector    [0m | Tracking: INST-0017 [bill_reading] "Civil Defence Force chief calls on personnel to remain adaptive, proactive during South-west Monsoon. PUTRAJAYA, May 17 &mdash; Malaysia Civil Defence Force (APM) personnel have been urged to remain p" importance=0.46
[32m2026-05-18 00:57:40[0m | [1mINFO    [0m | [36msilence_detector    [0m | Tracking: INST-0018 [high_court_ruling] "Couple claims trial to charge of abusing 10‑year‑old nephew in Kota Bharu. KOTA BHARU, May 17 &mdash; A married couple pleaded not guilty in the Sessions Court here today to a charge of abusing t..." importance=0.36
[32m2026-05-18 00:57:40[0m | [1mINFO    [0m | [36msilence_detector    [0m | Tracking: INST-0019 [bill_reading] "PN panel to draw up terms for electoral pacts. Takiyuddin Hassan says the opposition coalition has also decided to withdraw its offer to accept MIC as a coalition member." importance=0.46
[32m2026-05-18 00:57:40[0m | [1mINFO    [0m | [36msilence_detector    [0m | Tracking: INST-0020 [bill_reading] "Ministry ponders legal action after nicotine exemption quashed. The health ministry says it would consult the Attorney-General's Chambers and study the legal issues before deciding on its next move." importance=0.41
[32m2026-05-18 00:57:40[0m | [1mINFO    [0m | [36mcycle               [0m | Streams processed: {'narrative_fragmentation': 'ok', 'volume_monitor': 'ok', 'network_bridge': 'ok', 'polarization': 'ok', 'cascade_tracker': 'ok', 'silence_detector': 'ok'}
[32m2026-05-18 00:57:41[0m | [1mINFO    [0m | [36mcycle               [0m | Matched 30 config keywords in events. Top: [('malay', 48), ('india', 30), ('pas', 28), ('minister', 27), ('chinese', 26), ('government', 25), ('pkr', 14), ('prime minister', 13), ('pakatan', 13), ('isa', 12)]
[32m2026-05-18 00:57:41[0m | [1mINFO    [0m | [36mcycle               [0m | Silence detector: 16 events monitored, 16 flagged
[32m2026-05-18 00:57:41[0m | [1mINFO    [0m | [36mcycle               [0m | Issue queue: 3699 active topics
[32m2026-05-18 00:57:41[0m | [1mINFO    [0m | [36moutput              [0m | 811 active issues, 2894 new, 2888 pruned
[32m2026-05-18 00:57:41[0m | [1mINFO    [0m | [36mstate               [0m | Loaded state from /home/runner/work/thefourthangle/thefourthangle/radar/output/state.json
[32m2026-05-18 00:57:53[0m | [1mINFO    [0m | [36mcycle               [0m | Predictions: days_of_data=27  hmm=OK/82  cox=RT/811  sarima=COLD(3d)
[32m2026-05-18 00:57:53[0m | [1mINFO    [0m | [36mcycle               [0m | Silence watch: 25 picks over threshold (queue=811)
[32m2026-05-18 00:57:53[0m | [1mINFO    [0m | [36mcycle               [0m | Cycle complete. 3699 active topics. Top: parliament budget session session opens (score: 0.97)
